src/3Dplot/DataManager3D.h:77:24: error: ‘QSurfaceDataArray’ in namespace ‘QtDataVisualization’ does not name a type; did you mean ‘QSurfaceDataProxy’?
src/3Dplot/DataManager3D.h:101:24: error: ‘QSurfaceDataArray’ in namespace ‘QtDataVisualization’ does not name a type; did you mean ‘QSurfaceDataProxy’?
src/3Dplot/DataManager3D.h:118:24: error: ‘QBarDataArray’ in namespace ‘QtDataVisualization’ does not name a type; did you mean ‘QBarDataProxy’?
src/scripting/MuParserScript.cpp:599:38: error: ‘class QRegularExpression’ has no member named ‘indexIn’
src/scripting/MuParserScript.cpp:607:49: error: ‘class QRegularExpression’ has no member named ‘matchedLength’
src/3Dplot/DataManager3D.h:131:24: error: ‘QBarDataArray’ in namespace ‘QtDataVisualization’ does not name a type; did you mean ‘QBarDataProxy’?
src/3Dplot/DataManager3D.h:148:24: error: ‘QScatterDataArray’ in namespace ‘QtDataVisualization’ does not name a type; did you mean ‘QScatterDataProxy’?
src/3Dplot/DataManager3D.h:158:24: error: ‘QScatterDataArray’ in namespace ‘QtDataVisualization’ does not name a type; did you mean ‘QScatterDataProxy’?
src/scripting/MuParserScript.cpp:609:10: error: ‘parenthesisLevel’ was not declared in this scope
src/scripting/MuParserScript.cpp:652:24: error: ‘class QRegularExpression’ has no member named ‘cap’
src/scripting/MuParserScript.cpp:683:31: error: ‘class QRegularExpression’ has no member named ‘cap’
src/scripting/MuParserScript.cpp:740:24: error: ‘class QRegularExpression’ has no member named ‘cap’
src/scripting/MuParserScript.cpp:750:24: error: ‘class QRegularExpression’ has no member named ‘indexIn’
src/3Dplot/DataManager3D.h:77:24: error: ‘QSurfaceDataArray’ in namespace ‘QtDataVisualization’ does not name a type; did you mean ‘QSurfaceDataProxy’?
src/3Dplot/DataManager3D.h:101:24: error: ‘QSurfaceDataArray’ in namespace ‘QtDataVisualization’ does not name a type; did you mean ‘QSurfaceDataProxy’?
src/3Dplot/DataManager3D.h:118:24: error: ‘QBarDataArray’ in namespace ‘QtDataVisualization’ does not name a type; did you mean ‘QBarDataProxy’?
src/3Dplot/DataManager3D.h:131:24: error: ‘QBarDataArray’ in namespace ‘QtDataVisualization’ does not name a type; did you mean ‘QBarDataProxy’?
src/3Dplot/DataManager3D.h:148:24: error: ‘QScatterDataArray’ in namespace ‘QtDataVisualization’ does not name a type; did you mean ‘QScatterDataProxy’?
src/3Dplot/DataManager3D.h:158:24: error: ‘QScatterDataArray’ in namespace ‘QtDataVisualization’ does not name a type; did you mean ‘QScatterDataProxy’?
src/3Dplot/DataManager3D.h:77:24: error: ‘QSurfaceDataArray’ in namespace ‘QtDataVisualization’ does not name a type; did you mean ‘QSurfaceDataProxy’?
src/3Dplot/DataManager3D.h:101:24: error: ‘QSurfaceDataArray’ in namespace ‘QtDataVisualization’ does not name a type; did you mean ‘QSurfaceDataProxy’?
src/3Dplot/DataManager3D.h:118:24: error: ‘QBarDataArray’ in namespace ‘QtDataVisualization’ does not name a type; did you mean ‘QBarDataProxy’?
src/3Dplot/DataManager3D.h:131:24: error: ‘QBarDataArray’ in namespace ‘QtDataVisualization’ does not name a type; did you mean ‘QBarDataProxy’?
src/3Dplot/DataManager3D.h:148:24: error: ‘QScatterDataArray’ in namespace ‘QtDataVisualization’ does not name a type; did you mean ‘QScatterDataProxy’?
src/3Dplot/DataManager3D.h:158:24: error: ‘QScatterDataArray’ in namespace ‘QtDataVisualization’ does not name a type; did you mean ‘QScatterDataProxy’?
src/3Dplot/Surface3D.h:29:42: error: invalid use of incomplete type ‘class QtDataVisualization::QSurface3DSeries’
src/3Dplot/Surface3D.h:29:42: error: invalid use of incomplete type ‘class QtDataVisualization::QSurface3DSeries’
src/core/widgets/propertyeditor.cpp:1944:5: error: reference to ‘Q3DTheme’ is ambiguous
src/core/widgets/propertyeditor.cpp:1944:15: error: ‘theme’ was not declared in this scope
src/core/widgets/propertyeditor.cpp:1944:23: error: parse error in template argument list
src/core/widgets/propertyeditor.cpp:1944:49: error: no matching function for call to ‘PropertyEditor::getgraph2dobject<<expression error> >(QTreeWidgetItem*)’
src/core/widgets/propertyeditor.cpp:1944:49: error: template argument 1 is invalid
src/core/widgets/propertyeditor.cpp:1947:5: error: reference to ‘Q3DTheme’ is ambiguous
src/core/widgets/propertyeditor.cpp:1947:15: error: ‘theme’ was not declared in this scope
src/core/widgets/propertyeditor.cpp:1947:23: error: parse error in template argument list
src/core/widgets/propertyeditor.cpp:1947:49: error: no matching function for call to ‘PropertyEditor::getgraph2dobject<<expression error> >(QTreeWidgetItem*)’
src/core/widgets/propertyeditor.cpp:1947:49: error: template argument 1 is invalid
src/core/widgets/propertyeditor.cpp:1950:5: error: reference to ‘Q3DTheme’ is ambiguous
src/core/widgets/propertyeditor.cpp:1950:15: error: ‘theme’ was not declared in this scope
src/core/widgets/propertyeditor.cpp:1950:23: error: parse error in template argument list
